c:\users\chase\desktop\unnamed-framework\src\core\consoleapplication1\x64\debug\vc142.pdb
c:\users\chase\desktop\unnamed-framework\src\core\consoleapplication1\x64\debug\vc142.idb
c:\users\chase\desktop\unnamed-framework\src\core\consoleapplication1\x64\debug\utilities.obj
c:\users\chase\desktop\unnamed-framework\src\core\consoleapplication1\x64\debug\info.obj
c:\users\chase\desktop\unnamed-framework\src\core\consoleapplication1\x64\debug\process.obj
c:\users\chase\desktop\unnamed-framework\src\core\consoleapplication1\x64\debug\memory.obj
c:\users\chase\desktop\unnamed-framework\src\core\consoleapplication1\x64\debug\processinjection.obj
c:\users\chase\desktop\unnamed-framework\src\core\consoleapplication1\x64\debug\dll.obj
c:\users\chase\desktop\unnamed-framework\src\core\consoleapplication1\x64\debug\disk.obj
c:\users\chase\desktop\unnamed-framework\src\core\consoleapplication1\x64\debug\coremain.obj
c:\users\chase\desktop\unnamed-framework\src\core\consoleapplication1\x64\debug\antidebug.obj
c:\users\chase\desktop\unnamed-framework\src\core\consoleapplication1\x64\debug\loader.obj
c:\users\chase\desktop\unnamed-framework\src\core\consoleapplication1\x64\debug\types.obj
c:\users\chase\desktop\unnamed-framework\src\core\x64\debug\consoleapplication1.exe
c:\users\chase\desktop\unnamed-framework\src\core\x64\debug\consoleapplication1.ilk
c:\users\chase\desktop\unnamed-framework\src\core\x64\debug\consoleapplication1.pdb
c:\users\chase\desktop\unnamed-framework\src\core\consoleapplication1\x64\debug\consolea.91689a7e.tlog\cl.command.1.tlog
c:\users\chase\desktop\unnamed-framework\src\core\consoleapplication1\x64\debug\consolea.91689a7e.tlog\cl.read.1.tlog
c:\users\chase\desktop\unnamed-framework\src\core\consoleapplication1\x64\debug\consolea.91689a7e.tlog\cl.write.1.tlog
c:\users\chase\desktop\unnamed-framework\src\core\consoleapplication1\x64\debug\consolea.91689a7e.tlog\link.command.1.tlog
c:\users\chase\desktop\unnamed-framework\src\core\consoleapplication1\x64\debug\consolea.91689a7e.tlog\link.read.1.tlog
c:\users\chase\desktop\unnamed-framework\src\core\consoleapplication1\x64\debug\consolea.91689a7e.tlog\link.write.1.tlog
